# JRE version: OpenJDK Runtime Environment (13.0.2+8) (build 13.0.2+8)
# Java VM: OpenJDK 64-Bit Server VM (13.0.2+8, mixed mode, sharing, tiered, compressed oops, g1 gc, windows-amd64)
Heap:
 garbage-first heap   total 86016K, used 44234K [0x00000000c1600000, 0x0000000100000000)
  region size 1024K, 22 young (22528K), 3 survivors (3072K)
 Metaspace       used 60266K, capacity 62121K, committed 62336K, reserved 1103872K
  class space    used 7855K, capacity 8515K, committed 8576K, reserved 1048576K
GC Heap History (20 events):
Event: 12.784 GC heap before
{Heap before GC invocations=16 (full 0):
 garbage-first heap   total 61440K, used 45097K [0x00000000c1600000, 0x0000000100000000)
  region size 1024K, 32 young (32768K), 2 survivors (2048K)
 Metaspace       used 27627K, capacity 28750K, committed 29056K, reserved 1075200K
  class space    used 3731K, capacity 4163K, committed 4224K, reserved 1048576K
}
Event: 12.799 GC heap after
{Heap after GC invocations=17 (full 0):
 garbage-first heap   total 61440K, used 16090K [0x00000000c1600000, 0x0000000100000000)
  region size 1024K, 3 young (3072K), 3 survivors (3072K)
 Metaspace       used 27627K, capacity 28750K, committed 29056K, reserved 1075200K
  class space    used 3731K, capacity 4163K, committed 4224K, reserved 1048576K
}
Event: 14.754 GC heap before
{Heap before GC invocations=17 (full 0):
 garbage-first heap   total 61440K, used 45786K [0x00000000c1600000, 0x0000000100000000)
  region size 1024K, 33 young (33792K), 3 survivors (3072K)
 Metaspace       used 33861K, capacity 35059K, committed 35200K, reserved 1079296K
  class space    used 4509K, capacity 4963K, committed 4992K, reserved 1048576K
}
Event: 14.779 GC heap after
{Heap after GC invocations=18 (full 0):
 garbage-first heap   total 61440K, used 18089K [0x00000000c1600000, 0x0000000100000000)
  region size 1024K, 5 young (5120K), 5 survivors (5120K)
 Metaspace       used 33861K, capacity 35059K, committed 35200K, reserved 1079296K
  class space    used 4509K, capacity 4963K, committed 4992K, reserved 1048576K
}
Event: 14.947 GC heap before
{Heap before GC invocations=18 (full 0):
 garbage-first heap   total 61440K, used 20137K [0x00000000c1600000, 0x0000000100000000)
  region size 1024K, 8 young (8192K), 5 survivors (5120K)
 Metaspace       used 34283K, capacity 35450K, committed 35584K, reserved 1079296K
  class space    used 4579K, capacity 5029K, committed 5120K, reserved 1048576K
}
Event: 14.977 GC heap after
{Heap after GC invocations=19 (full 0):
 garbage-first heap   total 73728K, used 18407K [0x00000000c1600000, 0x0000000100000000)
  region size 1024K, 3 young (3072K), 3 survivors (3072K)
 Metaspace       used 34283K, capacity 35450K, committed 35584K, reserved 1079296K
  class space    used 4579K, capacity 5029K, committed 5120K, reserved 1048576K
}
Event: 17.234 GC heap before
{Heap before GC invocations=20 (full 0):
 garbage-first heap   total 68608K, used 51175K [0x00000000c1600000, 0x0000000100000000)
  region size 1024K, 35 young (35840K), 3 survivors (3072K)
 Metaspace       used 40996K, capacity 42260K, committed 42496K, reserved 1085440K
  class space    used 5553K, capacity 6019K, committed 6144K, reserved 1048576K
}
Event: 17.256 GC heap after
{Heap after GC invocations=21 (full 0):
 garbage-first heap   total 68608K, used 19309K [0x00000000c1600000, 0x0000000100000000)
  region size 1024K, 4 young (4096K), 4 survivors (4096K)
 Metaspace       used 40996K, capacity 42260K, committed 42496K, reserved 1085440K
  class space    used 5553K, capacity 6019K, committed 6144K, reserved 1048576K
}
Event: 19.241 GC heap before
{Heap before GC invocations=21 (full 0):
 garbage-first heap   total 68608K, used 49005K [0x00000000c1600000, 0x0000000100000000)
  region size 1024K, 33 young (33792K), 4 survivors (4096K)
 Metaspace       used 45700K, capacity 47151K, committed 47360K, reserved 1089536K
  class space    used 6257K, capacity 6793K, committed 6912K, reserved 1048576K
}
Event: 19.268 GC heap after
{Heap after GC invocations=22 (full 0):
 garbage-first heap   total 68608K, used 21184K [0x00000000c1600000, 0x0000000100000000)
  region size 1024K, 4 young (4096K), 4 survivors (4096K)
 Metaspace       used 45700K, capacity 47151K, committed 47360K, reserved 1089536K
  class space    used 6257K, capacity 6793K, committed 6912K, reserved 1048576K
}
Event: 20.496 GC heap before
{Heap before GC invocations=22 (full 0):
 garbage-first heap   total 68608K, used 50880K [0x00000000c1600000, 0x0000000100000000)
  region size 1024K, 33 young (33792K), 4 survivors (4096K)
 Metaspace       used 47843K, capacity 49407K, committed 49664K, reserved 1091584K
  class space    used 6573K, capacity 7158K, committed 7168K, reserved 1048576K
}
Event: 20.529 GC heap after
{Heap after GC invocations=23 (full 0):
 garbage-first heap   total 68608K, used 22852K [0x00000000c1600000, 0x0000000100000000)
  region size 1024K, 4 young (4096K), 4 survivors (4096K)
 Metaspace       used 47843K, capacity 49407K, committed 49664K, reserved 1091584K
  class space    used 6573K, capacity 7158K, committed 7168K, reserved 1048576K
}
Event: 35.263 GC heap before
{Heap before GC invocations=23 (full 0):
 garbage-first heap   total 68608K, used 50500K [0x00000000c1600000, 0x0000000100000000)
  region size 1024K, 32 young (32768K), 4 survivors (4096K)
 Metaspace       used 50395K, capacity 52054K, committed 52352K, reserved 1093632K
  class space    used 6897K, capacity 7506K, committed 7552K, reserved 1048576K
}
Event: 35.305 GC heap after
{Heap after GC invocations=24 (full 0):
 garbage-first heap   total 86016K, used 24793K [0x00000000c1600000, 0x0000000100000000)
  region size 1024K, 4 young (4096K), 4 survivors (4096K)
 Metaspace       used 50395K, capacity 52054K, committed 52352K, reserved 1093632K
  class space    used 6897K, capacity 7506K, committed 7552K, reserved 1048576K
}
Event: 44.950 GC heap before
{Heap before GC invocations=24 (full 0):
 garbage-first heap   total 86016K, used 61657K [0x00000000c1600000, 0x0000000100000000)
  region size 1024K, 41 young (41984K), 4 survivors (4096K)
 Metaspace       used 55819K, capacity 57476K, committed 57728K, reserved 1099776K
  class space    used 7326K, capacity 7968K, committed 8064K, reserved 1048576K
}
Event: 44.978 GC heap after
{Heap after GC invocations=25 (full 0):
 garbage-first heap   total 86016K, used 26010K [0x00000000c1600000, 0x0000000100000000)
  region size 1024K, 4 young (4096K), 4 survivors (4096K)
 Metaspace       used 55819K, capacity 57476K, committed 57728K, reserved 1099776K
  class space    used 7326K, capacity 7968K, committed 8064K, reserved 1048576K
}
Event: 57.418 GC heap before
{Heap before GC invocations=25 (full 0):
 garbage-first heap   total 86016K, used 43418K [0x00000000c1600000, 0x0000000100000000)
  region size 1024K, 22 young (22528K), 4 survivors (4096K)
 Metaspace       used 57870K, capacity 59575K, committed 59648K, reserved 1101824K
  class space    used 7534K, capacity 8171K, committed 8192K, reserved 1048576K
}
Event: 57.464 GC heap after
{Heap after GC invocations=26 (full 0):
 garbage-first heap   total 86016K, used 26305K [0x00000000c1600000, 0x0000000100000000)
  region size 1024K, 4 young (4096K), 4 survivors (4096K)
 Metaspace       used 57870K, capacity 59575K, committed 59648K, reserved 1101824K
  class space    used 7534K, capacity 8171K, committed 8192K, reserved 1048576K
}
Event: 198.265 GC heap before
{Heap before GC invocations=27 (full 0):
 garbage-first heap   total 86016K, used 64193K [0x00000000c1600000, 0x0000000100000000)
  region size 1024K, 42 young (43008K), 4 survivors (4096K)
 Metaspace       used 59477K, capacity 61290K, committed 61440K, reserved 1101824K
  class space    used 7747K, capacity 8374K, committed 8448K, reserved 1048576K
}
Event: 198.295 GC heap after
{Heap after GC invocations=28 (full 0):
 garbage-first heap   total 86016K, used 26826K [0x00000000c1600000, 0x0000000100000000)
  region size 1024K, 3 young (3072K), 3 survivors (3072K)
 Metaspace       used 59477K, capacity 61290K, committed 61440K, reserved 1101824K
  class space    used 7747K, capacity 8374K, committed 8448K, reserved 1048576K
}

